<?xml version="1.0" encoding="UTF-8"?>
<testng-results ignored="0" total="1" passed="1" failed="0" skipped="0">
  <reporter-output>
  </reporter-output>
  <suite started-at="2021-10-24T09:49:31 CEST" name="Test1" finished-at="2021-10-24T09:49:36 CEST" duration-ms="4335">
    <groups>
    </groups>
    <test started-at="2021-10-24T09:49:31 CEST" name="Command line test" finished-at="2021-10-24T09:49:36 CEST" duration-ms="4335">
      <class name="Test1">
        <test-method is-config="true" signature="setup()[pri:0, instance:Test1@58c1c010]" started-at="2021-10-24T09:49:31 CEST" name="setup" finished-at="2021-10-24T09:49:33 CEST" duration-ms="1794" status="PASS">
          <reporter-output>
          </reporter-output>
        </test-method> <!-- setup -->
        <test-method is-config="true" signature="eachSetup()[pri:0, instance:Test1@58c1c010]" started-at="2021-10-24T09:49:33 CEST" name="eachSetup" finished-at="2021-10-24T09:49:33 CEST" duration-ms="0" status="PASS">
          <reporter-output>
          </reporter-output>
        </test-method> <!-- eachSetup -->
        <test-method signature="verifyThatPageTitleIsCorrect()[pri:0, instance:Test1@58c1c010]" started-at="2021-10-24T09:49:33 CEST" name="verifyThatPageTitleIsCorrect" finished-at="2021-10-24T09:49:35 CEST" duration-ms="2315" status="PASS">
          <reporter-output>
          </reporter-output>
        </test-method> <!-- verifyThatPageTitleIsCorrect -->
        <test-method is-config="true" signature="tearDown()[pri:0, instance:Test1@58c1c010]" started-at="2021-10-24T09:49:35 CEST" name="tearDown" finished-at="2021-10-24T09:49:36 CEST" duration-ms="188" status="PASS">
          <reporter-output>
          </reporter-output>
        </test-method> <!-- tearDown -->
      </class> <!-- Test1 -->
    </test> <!-- Command line test -->
  </suite> <!-- Test1 -->
</testng-results>
